[28/Jan/2022:21:41:52 +0800] - 0:0:0:0:0:0:0:1 "GET /smart-admin-api HTTP/1.1" 302 0 (0 ms)
[28/Jan/2022:21:41:52 +0800] - 0:0:0:0:0:0:0:1 "GET /smart-admin-api/ HTTP/1.1" 404 83 (83 ms)
[28/Jan/2022:21:41:52 +0800] - 0:0:0:0:0:0:0:1 "GET /favicon.ico HTTP/1.1" 404 3 (3 ms)
[28/Jan/2022:21:41:59 +0800] - 0:0:0:0:0:0:0:1 "GET /smart-admin-api/ HTTP/1.1" 404 10 (10 ms)
[28/Jan/2022:21:42:05 +0800] - 0:0:0:0:0:0:0:1 "GET /smart-admin-api/swagger-ui.html HTTP/1.1" 304 10 (10 ms)
[28/Jan/2022:21:42:05 +0800] - 0:0:0:0:0:0:0:1 "GET /smart-admin-api/webjars/springfox-swagger-ui/css/reset.css HTTP/1.1" 304 13 (13 ms)
[28/Jan/2022:21:42:05 +0800] - 0:0:0:0:0:0:0:1 "GET /smart-admin-api/webjars/springfox-swagger-ui/css/typography.css HTTP/1.1" 404 19 (19 ms)
[28/Jan/2022:21:42:05 +0800] - 0:0:0:0:0:0:0:1 "GET /smart-admin-api/webjars/springfox-swagger-ui/css/screen.css HTTP/1.1" 304 15 (15 ms)
[28/Jan/2022:21:42:05 +0800] - 0:0:0:0:0:0:0:1 "GET /smart-admin-api/webjars/springfox-swagger-ui/lib/object-assign-pollyfill.js HTTP/1.1" 304 14 (14 ms)
[28/Jan/2022:21:42:05 +0800] - 0:0:0:0:0:0:0:1 "GET /smart-admin-api/webjars/springfox-swagger-ui/lib/jquery.slideto.min.js HTTP/1.1" 304 13 (13 ms)
[28/Jan/2022:21:42:05 +0800] - 0:0:0:0:0:0:0:1 "GET /smart-admin-api/webjars/springfox-swagger-ui/lib/jquery-1.8.0.min.js HTTP/1.1" 304 14 (14 ms)
[28/Jan/2022:21:42:05 +0800] - 0:0:0:0:0:0:0:1 "GET /smart-admin-api/webjars/springfox-swagger-ui/lib/jquery.ba-bbq.min.js HTTP/1.1" 304 22 (22 ms)
[28/Jan/2022:21:42:05 +0800] - 0:0:0:0:0:0:0:1 "GET /smart-admin-api/webjars/springfox-swagger-ui/lib/jquery.wiggle.min.js HTTP/1.1" 304 20 (20 ms)
[28/Jan/2022:21:42:05 +0800] - 0:0:0:0:0:0:0:1 "GET /smart-admin-api/webjars/springfox-swagger-ui/lib/handlebars-4.0.5.js HTTP/1.1" 304 20 (20 ms)
[28/Jan/2022:21:42:05 +0800] - 0:0:0:0:0:0:0:1 "GET /smart-admin-api/webjars/springfox-swagger-ui/lib/backbone-min.js HTTP/1.1" 304 18 (18 ms)
[28/Jan/2022:21:42:05 +0800] - 0:0:0:0:0:0:0:1 "GET /smart-admin-api/webjars/springfox-swagger-ui/lib/lodash.min.js HTTP/1.1" 304 21 (21 ms)
[28/Jan/2022:21:42:05 +0800] - 0:0:0:0:0:0:0:1 "GET /smart-admin-api/webjars/springfox-swagger-ui/lib/highlight.9.1.0.pack.js HTTP/1.1" 304 9 (9 ms)
[28/Jan/2022:21:42:05 +0800] - 0:0:0:0:0:0:0:1 "GET /smart-admin-api/webjars/springfox-swagger-ui/lib/highlight.9.1.0.pack_extended.js HTTP/1.1" 304 9 (9 ms)
[28/Jan/2022:21:42:05 +0800] - 0:0:0:0:0:0:0:1 "GET /smart-admin-api/webjars/springfox-swagger-ui/lib/jsoneditor.min.js HTTP/1.1" 304 10 (10 ms)
[28/Jan/2022:21:42:05 +0800] - 0:0:0:0:0:0:0:1 "GET /smart-admin-api/webjars/springfox-swagger-ui/lib/swagger-oauth.js HTTP/1.1" 304 7 (7 ms)
[28/Jan/2022:21:42:05 +0800] - 0:0:0:0:0:0:0:1 "GET /smart-admin-api/webjars/springfox-swagger-ui/lib/marked.js HTTP/1.1" 304 9 (9 ms)
[28/Jan/2022:21:42:05 +0800] - 0:0:0:0:0:0:0:1 "GET /smart-admin-api/webjars/springfox-swagger-ui/springfox.js HTTP/1.1" 304 9 (9 ms)
[28/Jan/2022:21:42:05 +0800] - 0:0:0:0:0:0:0:1 "GET /smart-admin-api/webjars/springfox-swagger-ui/swagger-ui.min.js HTTP/1.1" 200 61 (61 ms)
[28/Jan/2022:21:42:05 +0800] - 0:0:0:0:0:0:0:1 "GET /smart-admin-api/webjars/springfox-swagger-ui/images/logo_small.png HTTP/1.1" 304 7 (7 ms)
[28/Jan/2022:21:42:05 +0800] - 0:0:0:0:0:0:0:1 "GET /smart-admin-api/webjars/springfox-swagger-ui/css/print.css HTTP/1.1" 304 7 (7 ms)
[28/Jan/2022:21:42:05 +0800] - 0:0:0:0:0:0:0:1 "GET /smart-admin-api/swagger-resources/configuration/ui HTTP/1.1" 200 66 (66 ms)
[28/Jan/2022:21:42:05 +0800] - 0:0:0:0:0:0:0:1 "GET /smart-admin-api/swagger-resources HTTP/1.1" 200 18 (18 ms)
[28/Jan/2022:21:42:06 +0800] - 0:0:0:0:0:0:0:1 "GET /smart-admin-api/v2/api-docs?group=Admin HTTP/1.1" 200 353 (353 ms)
[28/Jan/2022:21:42:06 +0800] - 0:0:0:0:0:0:0:1 "GET /smart-admin-api/swagger-resources/configuration/security HTTP/1.1" 200 7 (7 ms)
[28/Jan/2022:21:42:34 +0800] - 0:0:0:0:0:0:0:1 "GET /smart-admin-api/swagger-ui.html HTTP/1.1" 304 5 (5 ms)
[28/Jan/2022:21:42:34 +0800] - 0:0:0:0:0:0:0:1 "GET /smart-admin-api/webjars/springfox-swagger-ui/css/reset.css HTTP/1.1" 304 13 (13 ms)
[28/Jan/2022:21:42:34 +0800] - 0:0:0:0:0:0:0:1 "GET /smart-admin-api/webjars/springfox-swagger-ui/css/typography.css HTTP/1.1" 404 17 (17 ms)
[28/Jan/2022:21:42:34 +0800] - 0:0:0:0:0:0:0:1 "GET /smart-admin-api/webjars/springfox-swagger-ui/css/screen.css HTTP/1.1" 304 13 (13 ms)
[28/Jan/2022:21:42:34 +0800] - 0:0:0:0:0:0:0:1 "GET /smart-admin-api/webjars/springfox-swagger-ui/lib/jquery-1.8.0.min.js HTTP/1.1" 304 13 (13 ms)
[28/Jan/2022:21:42:34 +0800] - 0:0:0:0:0:0:0:1 "GET /smart-admin-api/webjars/springfox-swagger-ui/lib/jquery.slideto.min.js HTTP/1.1" 304 13 (13 ms)
[28/Jan/2022:21:42:34 +0800] - 0:0:0:0:0:0:0:1 "GET /smart-admin-api/webjars/springfox-swagger-ui/lib/object-assign-pollyfill.js HTTP/1.1" 304 15 (15 ms)
[28/Jan/2022:21:42:34 +0800] - 0:0:0:0:0:0:0:1 "GET /smart-admin-api/webjars/springfox-swagger-ui/lib/jquery.ba-bbq.min.js HTTP/1.1" 304 7 (7 ms)
[28/Jan/2022:21:42:34 +0800] - 0:0:0:0:0:0:0:1 "GET /smart-admin-api/webjars/springfox-swagger-ui/lib/jquery.wiggle.min.js HTTP/1.1" 304 11 (11 ms)
[28/Jan/2022:21:42:34 +0800] - 0:0:0:0:0:0:0:1 "GET /smart-admin-api/webjars/springfox-swagger-ui/lib/backbone-min.js HTTP/1.1" 304 7 (7 ms)
[28/Jan/2022:21:42:34 +0800] - 0:0:0:0:0:0:0:1 "GET /smart-admin-api/webjars/springfox-swagger-ui/lib/handlebars-4.0.5.js HTTP/1.1" 304 11 (11 ms)
[28/Jan/2022:21:42:34 +0800] - 0:0:0:0:0:0:0:1 "GET /smart-admin-api/webjars/springfox-swagger-ui/lib/highlight.9.1.0.pack.js HTTP/1.1" 304 7 (7 ms)
[28/Jan/2022:21:42:34 +0800] - 0:0:0:0:0:0:0:1 "GET /smart-admin-api/webjars/springfox-swagger-ui/lib/lodash.min.js HTTP/1.1" 304 16 (16 ms)
[28/Jan/2022:21:42:34 +0800] - 0:0:0:0:0:0:0:1 "GET /smart-admin-api/webjars/springfox-swagger-ui/lib/marked.js HTTP/1.1" 304 8 (8 ms)
[28/Jan/2022:21:42:34 +0800] - 0:0:0:0:0:0:0:1 "GET /smart-admin-api/webjars/springfox-swagger-ui/lib/jsoneditor.min.js HTTP/1.1" 304 11 (11 ms)
[28/Jan/2022:21:42:34 +0800] - 0:0:0:0:0:0:0:1 "GET /smart-admin-api/webjars/springfox-swagger-ui/swagger-ui.min.js HTTP/1.1" 304 20 (20 ms)
[28/Jan/2022:21:42:34 +0800] - 0:0:0:0:0:0:0:1 "GET /smart-admin-api/webjars/springfox-swagger-ui/lib/swagger-oauth.js HTTP/1.1" 304 7 (7 ms)
[28/Jan/2022:21:42:34 +0800] - 0:0:0:0:0:0:0:1 "GET /smart-admin-api/webjars/springfox-swagger-ui/lib/highlight.9.1.0.pack_extended.js HTTP/1.1" 304 15 (15 ms)
[28/Jan/2022:21:42:34 +0800] - 0:0:0:0:0:0:0:1 "GET /smart-admin-api/webjars/springfox-swagger-ui/springfox.js HTTP/1.1" 304 8 (8 ms)
[28/Jan/2022:21:42:34 +0800] - 0:0:0:0:0:0:0:1 "GET /smart-admin-api/webjars/springfox-swagger-ui/images/logo_small.png HTTP/1.1" 304 4 (4 ms)
[28/Jan/2022:21:42:34 +0800] - 0:0:0:0:0:0:0:1 "GET /smart-admin-api/webjars/springfox-swagger-ui/css/print.css HTTP/1.1" 304 5 (5 ms)
[28/Jan/2022:21:42:34 +0800] - 0:0:0:0:0:0:0:1 "GET /smart-admin-api/swagger-resources/configuration/ui HTTP/1.1" 200 7 (7 ms)
[28/Jan/2022:21:42:34 +0800] - 0:0:0:0:0:0:0:1 "GET /smart-admin-api/webjars/springfox-swagger-ui/images/favicon-32x32.png HTTP/1.1" 200 7 (7 ms)
[28/Jan/2022:21:42:34 +0800] - 0:0:0:0:0:0:0:1 "GET /smart-admin-api/swagger-resources HTTP/1.1" 200 7 (7 ms)
[28/Jan/2022:21:42:34 +0800] - 0:0:0:0:0:0:0:1 "GET /smart-admin-api/v2/api-docs?group=Admin HTTP/1.1" 200 68 (68 ms)
[28/Jan/2022:21:42:35 +0800] - 0:0:0:0:0:0:0:1 "GET /smart-admin-api/swagger-resources/configuration/security HTTP/1.1" 200 3 (3 ms)
[28/Jan/2022:21:43:00 +0800] - 0:0:0:0:0:0:0:1 "GET /smart-admin-api/webjars/springfox-swagger-ui/css/screen.css HTTP/1.1" 304 14 (14 ms)
[28/Jan/2022:21:43:00 +0800] - 0:0:0:0:0:0:0:1 "GET /smart-admin-api/webjars/springfox-swagger-ui/css/reset.css HTTP/1.1" 304 14 (14 ms)
[28/Jan/2022:21:43:00 +0800] - 0:0:0:0:0:0:0:1 "GET /smart-admin-api/webjars/springfox-swagger-ui/css/print.css HTTP/1.1" 304 14 (14 ms)
[28/Jan/2022:21:43:00 +0800] - 0:0:0:0:0:0:0:1 "GET /smart-admin-api/webjars/springfox-swagger-ui/css/typography.css HTTP/1.1" 404 18 (18 ms)
[28/Jan/2022:21:43:04 +0800] - 0:0:0:0:0:0:0:1 "GET /smart-admin-api/swagger-ui.html HTTP/1.1" 304 4 (4 ms)
[28/Jan/2022:21:43:04 +0800] - 0:0:0:0:0:0:0:1 "GET /smart-admin-api/webjars/springfox-swagger-ui/css/typography.css HTTP/1.1" 404 11 (11 ms)
[28/Jan/2022:21:43:04 +0800] - 0:0:0:0:0:0:0:1 "GET /smart-admin-api/webjars/springfox-swagger-ui/lib/object-assign-pollyfill.js HTTP/1.1" 304 9 (9 ms)
[28/Jan/2022:21:43:04 +0800] - 0:0:0:0:0:0:0:1 "GET /smart-admin-api/webjars/springfox-swagger-ui/css/reset.css HTTP/1.1" 304 16 (16 ms)
[28/Jan/2022:21:43:04 +0800] - 0:0:0:0:0:0:0:1 "GET /smart-admin-api/webjars/springfox-swagger-ui/lib/jquery.slideto.min.js HTTP/1.1" 304 9 (9 ms)
[28/Jan/2022:21:43:04 +0800] - 0:0:0:0:0:0:0:1 "GET /smart-admin-api/webjars/springfox-swagger-ui/css/screen.css HTTP/1.1" 304 17 (17 ms)
[28/Jan/2022:21:43:04 +0800] - 0:0:0:0:0:0:0:1 "GET /smart-admin-api/webjars/springfox-swagger-ui/lib/jquery.wiggle.min.js HTTP/1.1" 304 12 (12 ms)
[28/Jan/2022:21:43:04 +0800] - 0:0:0:0:0:0:0:1 "GET /smart-admin-api/webjars/springfox-swagger-ui/lib/jquery.ba-bbq.min.js HTTP/1.1" 304 16 (16 ms)
[28/Jan/2022:21:43:04 +0800] - 0:0:0:0:0:0:0:1 "GET /smart-admin-api/webjars/springfox-swagger-ui/lib/handlebars-4.0.5.js HTTP/1.1" 304 13 (13 ms)
[28/Jan/2022:21:43:04 +0800] - 0:0:0:0:0:0:0:1 "GET /smart-admin-api/webjars/springfox-swagger-ui/swagger-ui.min.js HTTP/1.1" 304 10 (10 ms)
[28/Jan/2022:21:43:04 +0800] - 0:0:0:0:0:0:0:1 "GET /smart-admin-api/webjars/springfox-swagger-ui/lib/jquery-1.8.0.min.js HTTP/1.1" 304 33 (33 ms)
[28/Jan/2022:21:43:04 +0800] - 0:0:0:0:0:0:0:1 "GET /smart-admin-api/webjars/springfox-swagger-ui/lib/lodash.min.js HTTP/1.1" 304 23 (23 ms)
[28/Jan/2022:21:43:04 +0800] - 0:0:0:0:0:0:0:1 "GET /smart-admin-api/webjars/springfox-swagger-ui/lib/highlight.9.1.0.pack_extended.js HTTP/1.1" 304 9 (9 ms)
[28/Jan/2022:21:43:04 +0800] - 0:0:0:0:0:0:0:1 "GET /smart-admin-api/webjars/springfox-swagger-ui/lib/backbone-min.js HTTP/1.1" 304 22 (22 ms)
[28/Jan/2022:21:43:04 +0800] - 0:0:0:0:0:0:0:1 "GET /smart-admin-api/webjars/springfox-swagger-ui/lib/jsoneditor.min.js HTTP/1.1" 304 9 (9 ms)
[28/Jan/2022:21:43:04 +0800] - 0:0:0:0:0:0:0:1 "GET /smart-admin-api/webjars/springfox-swagger-ui/lib/highlight.9.1.0.pack.js HTTP/1.1" 304 16 (16 ms)
[28/Jan/2022:21:43:04 +0800] - 0:0:0:0:0:0:0:1 "GET /smart-admin-api/webjars/springfox-swagger-ui/lib/marked.js HTTP/1.1" 304 10 (10 ms)
[28/Jan/2022:21:43:04 +0800] - 0:0:0:0:0:0:0:1 "GET /smart-admin-api/webjars/springfox-swagger-ui/lib/swagger-oauth.js HTTP/1.1" 304 8 (8 ms)
[28/Jan/2022:21:43:04 +0800] - 0:0:0:0:0:0:0:1 "GET /smart-admin-api/webjars/springfox-swagger-ui/springfox.js HTTP/1.1" 304 6 (6 ms)
[28/Jan/2022:21:43:04 +0800] - 0:0:0:0:0:0:0:1 "GET /smart-admin-api/webjars/springfox-swagger-ui/images/logo_small.png HTTP/1.1" 304 4 (4 ms)
[28/Jan/2022:21:43:04 +0800] - 0:0:0:0:0:0:0:1 "GET /smart-admin-api/webjars/springfox-swagger-ui/css/print.css HTTP/1.1" 304 3 (3 ms)
[28/Jan/2022:21:43:04 +0800] - 0:0:0:0:0:0:0:1 "GET /smart-admin-api/swagger-resources/configuration/ui HTTP/1.1" 200 48 (48 ms)
[28/Jan/2022:21:43:04 +0800] - 0:0:0:0:0:0:0:1 "GET /smart-admin-api/webjars/springfox-swagger-ui/images/favicon-32x32.png HTTP/1.1" 200 16 (16 ms)
[28/Jan/2022:21:43:04 +0800] - 0:0:0:0:0:0:0:1 "GET /smart-admin-api/swagger-resources HTTP/1.1" 200 11 (11 ms)
[28/Jan/2022:21:43:04 +0800] - 0:0:0:0:0:0:0:1 "GET /smart-admin-api/v2/api-docs?group=Admin HTTP/1.1" 200 51 (51 ms)
[28/Jan/2022:21:43:05 +0800] - 0:0:0:0:0:0:0:1 "GET /smart-admin-api/swagger-resources/configuration/security HTTP/1.1" 200 5 (5 ms)
[28/Jan/2022:21:43:08 +0800] - 0:0:0:0:0:0:0:1 "GET /smart-admin-api/swagger-ui.html HTTP/1.1" 200 4 (4 ms)
[28/Jan/2022:21:43:08 +0800] - 0:0:0:0:0:0:0:1 "GET /smart-admin-api/webjars/springfox-swagger-ui/css/typography.css HTTP/1.1" 404 8 (8 ms)
[28/Jan/2022:21:43:08 +0800] - 0:0:0:0:0:0:0:1 "GET /smart-admin-api/webjars/springfox-swagger-ui/css/reset.css HTTP/1.1" 200 10 (10 ms)
[28/Jan/2022:21:43:08 +0800] - 0:0:0:0:0:0:0:1 "GET /smart-admin-api/webjars/springfox-swagger-ui/lib/jquery-1.8.0.min.js HTTP/1.1" 200 12 (12 ms)
[28/Jan/2022:21:43:08 +0800] - 0:0:0:0:0:0:0:1 "GET /smart-admin-api/webjars/springfox-swagger-ui/lib/jquery.slideto.min.js HTTP/1.1" 200 11 (11 ms)
[28/Jan/2022:21:43:08 +0800] - 0:0:0:0:0:0:0:1 "GET /smart-admin-api/webjars/springfox-swagger-ui/lib/jquery.wiggle.min.js HTTP/1.1" 200 9 (9 ms)
[28/Jan/2022:21:43:08 +0800] - 0:0:0:0:0:0:0:1 "GET /smart-admin-api/webjars/springfox-swagger-ui/css/screen.css HTTP/1.1" 200 26 (26 ms)
[28/Jan/2022:21:43:08 +0800] - 0:0:0:0:0:0:0:1 "GET /smart-admin-api/webjars/springfox-swagger-ui/lib/backbone-min.js HTTP/1.1" 200 9 (9 ms)
[28/Jan/2022:21:43:08 +0800] - 0:0:0:0:0:0:0:1 "GET /smart-admin-api/webjars/springfox-swagger-ui/lib/jquery.ba-bbq.min.js HTTP/1.1" 200 19 (19 ms)
[28/Jan/2022:21:43:08 +0800] - 0:0:0:0:0:0:0:1 "GET /smart-admin-api/webjars/springfox-swagger-ui/lib/object-assign-pollyfill.js HTTP/1.1" 200 35 (35 ms)
[28/Jan/2022:21:43:08 +0800] - 0:0:0:0:0:0:0:1 "GET /smart-admin-api/webjars/springfox-swagger-ui/lib/lodash.min.js HTTP/1.1" 200 18 (18 ms)
[28/Jan/2022:21:43:08 +0800] - 0:0:0:0:0:0:0:1 "GET /smart-admin-api/webjars/springfox-swagger-ui/lib/handlebars-4.0.5.js HTTP/1.1" 200 20 (20 ms)
[28/Jan/2022:21:43:08 +0800] - 0:0:0:0:0:0:0:1 "GET /smart-admin-api/webjars/springfox-swagger-ui/lib/highlight.9.1.0.pack_extended.js HTTP/1.1" 200 9 (9 ms)
[28/Jan/2022:21:43:08 +0800] - 0:0:0:0:0:0:0:1 "GET /smart-admin-api/webjars/springfox-swagger-ui/lib/highlight.9.1.0.pack.js HTTP/1.1" 200 11 (11 ms)
[28/Jan/2022:21:43:08 +0800] - 0:0:0:0:0:0:0:1 "GET /smart-admin-api/webjars/springfox-swagger-ui/swagger-ui.min.js HTTP/1.1" 200 27 (27 ms)
[28/Jan/2022:21:43:08 +0800] - 0:0:0:0:0:0:0:1 "GET /smart-admin-api/webjars/springfox-swagger-ui/lib/swagger-oauth.js HTTP/1.1" 200 12 (12 ms)
[28/Jan/2022:21:43:08 +0800] - 0:0:0:0:0:0:0:1 "GET /smart-admin-api/webjars/springfox-swagger-ui/lib/marked.js HTTP/1.1" 200 15 (15 ms)
[28/Jan/2022:21:43:08 +0800] - 0:0:0:0:0:0:0:1 "GET /smart-admin-api/webjars/springfox-swagger-ui/lib/jsoneditor.min.js HTTP/1.1" 200 21 (21 ms)
[28/Jan/2022:21:43:08 +0800] - 0:0:0:0:0:0:0:1 "GET /smart-admin-api/webjars/springfox-swagger-ui/springfox.js HTTP/1.1" 200 22 (22 ms)
[28/Jan/2022:21:43:08 +0800] - 0:0:0:0:0:0:0:1 "GET /smart-admin-api/webjars/springfox-swagger-ui/images/logo_small.png HTTP/1.1" 200 5 (5 ms)
[28/Jan/2022:21:43:08 +0800] - 0:0:0:0:0:0:0:1 "GET /smart-admin-api/webjars/springfox-swagger-ui/css/print.css HTTP/1.1" 200 7 (7 ms)
[28/Jan/2022:21:43:08 +0800] - 0:0:0:0:0:0:0:1 "GET /smart-admin-api/swagger-resources/configuration/ui HTTP/1.1" 200 7 (7 ms)
[28/Jan/2022:21:43:08 +0800] - 0:0:0:0:0:0:0:1 "GET /smart-admin-api/webjars/springfox-swagger-ui/images/favicon-32x32.png HTTP/1.1" 200 8 (8 ms)
[28/Jan/2022:21:43:08 +0800] - 0:0:0:0:0:0:0:1 "GET /smart-admin-api/swagger-resources HTTP/1.1" 200 8 (8 ms)
[28/Jan/2022:21:43:08 +0800] - 0:0:0:0:0:0:0:1 "GET /smart-admin-api/v2/api-docs?group=Admin HTTP/1.1" 200 27 (27 ms)
[28/Jan/2022:21:43:08 +0800] - 0:0:0:0:0:0:0:1 "GET /smart-admin-api/swagger-resources/configuration/security HTTP/1.1" 200 4 (4 ms)
[28/Jan/2022:21:45:00 +0800] - 0:0:0:0:0:0:0:1 "GET /smart-admin-api/swagger-ui.html HTTP/1.1" 304 142 (142 ms)
[28/Jan/2022:21:45:00 +0800] - 0:0:0:0:0:0:0:1 "GET /smart-admin-api/webjars/springfox-swagger-ui/css/reset.css HTTP/1.1" 304 24 (24 ms)
[28/Jan/2022:21:45:00 +0800] - 0:0:0:0:0:0:0:1 "GET /smart-admin-api/webjars/springfox-swagger-ui/css/screen.css HTTP/1.1" 304 38 (38 ms)
[28/Jan/2022:21:45:00 +0800] - 0:0:0:0:0:0:0:1 "GET /smart-admin-api/webjars/springfox-swagger-ui/lib/object-assign-pollyfill.js HTTP/1.1" 304 17 (17 ms)
[28/Jan/2022:21:45:00 +0800] - 0:0:0:0:0:0:0:1 "GET /smart-admin-api/webjars/springfox-swagger-ui/lib/jquery-1.8.0.min.js HTTP/1.1" 304 13 (13 ms)
[28/Jan/2022:21:45:00 +0800] - 0:0:0:0:0:0:0:1 "GET /smart-admin-api/webjars/springfox-swagger-ui/lib/jquery.slideto.min.js HTTP/1.1" 304 11 (11 ms)
[28/Jan/2022:21:45:00 +0800] - 0:0:0:0:0:0:0:1 "GET /smart-admin-api/webjars/springfox-swagger-ui/css/typography.css HTTP/1.1" 404 72 (72 ms)
[28/Jan/2022:21:45:00 +0800] - 0:0:0:0:0:0:0:1 "GET /smart-admin-api/webjars/springfox-swagger-ui/lib/jquery.wiggle.min.js HTTP/1.1" 304 28 (28 ms)
[28/Jan/2022:21:45:00 +0800] - 0:0:0:0:0:0:0:1 "GET /smart-admin-api/webjars/springfox-swagger-ui/lib/jquery.ba-bbq.min.js HTTP/1.1" 304 31 (31 ms)
[28/Jan/2022:21:45:00 +0800] - 0:0:0:0:0:0:0:1 "GET /smart-admin-api/webjars/springfox-swagger-ui/lib/handlebars-4.0.5.js HTTP/1.1" 304 34 (34 ms)
[28/Jan/2022:21:45:00 +0800] - 0:0:0:0:0:0:0:1 "GET /smart-admin-api/webjars/springfox-swagger-ui/lib/backbone-min.js HTTP/1.1" 304 11 (11 ms)
[28/Jan/2022:21:45:00 +0800] - 0:0:0:0:0:0:0:1 "GET /smart-admin-api/webjars/springfox-swagger-ui/lib/lodash.min.js HTTP/1.1" 304 26 (26 ms)
[28/Jan/2022:21:45:00 +0800] - 0:0:0:0:0:0:0:1 "GET /smart-admin-api/webjars/springfox-swagger-ui/lib/highlight.9.1.0.pack.js HTTP/1.1" 304 10 (10 ms)
[28/Jan/2022:21:45:00 +0800] - 0:0:0:0:0:0:0:1 "GET /smart-admin-api/webjars/springfox-swagger-ui/lib/highlight.9.1.0.pack_extended.js HTTP/1.1" 304 9 (9 ms)
[28/Jan/2022:21:45:00 +0800] - 0:0:0:0:0:0:0:1 "GET /smart-admin-api/webjars/springfox-swagger-ui/swagger-ui.min.js HTTP/1.1" 304 31 (31 ms)
[28/Jan/2022:21:45:00 +0800] - 0:0:0:0:0:0:0:1 "GET /smart-admin-api/webjars/springfox-swagger-ui/lib/jsoneditor.min.js HTTP/1.1" 304 10 (10 ms)
[28/Jan/2022:21:45:00 +0800] - 0:0:0:0:0:0:0:1 "GET /smart-admin-api/webjars/springfox-swagger-ui/lib/marked.js HTTP/1.1" 304 20 (20 ms)
[28/Jan/2022:21:45:00 +0800] - 0:0:0:0:0:0:0:1 "GET /smart-admin-api/webjars/springfox-swagger-ui/lib/swagger-oauth.js HTTP/1.1" 304 9 (9 ms)
[28/Jan/2022:21:45:00 +0800] - 0:0:0:0:0:0:0:1 "GET /smart-admin-api/webjars/springfox-swagger-ui/springfox.js HTTP/1.1" 304 8 (8 ms)
[28/Jan/2022:21:45:00 +0800] - 0:0:0:0:0:0:0:1 "GET /smart-admin-api/webjars/springfox-swagger-ui/css/print.css HTTP/1.1" 304 7 (7 ms)
[28/Jan/2022:21:45:00 +0800] - 0:0:0:0:0:0:0:1 "GET /smart-admin-api/webjars/springfox-swagger-ui/images/logo_small.png HTTP/1.1" 304 11 (11 ms)
[28/Jan/2022:21:45:00 +0800] - 0:0:0:0:0:0:0:1 "GET /smart-admin-api/webjars/springfox-swagger-ui/images/favicon-32x32.png HTTP/1.1" 200 26 (26 ms)
[28/Jan/2022:21:45:01 +0800] - 0:0:0:0:0:0:0:1 "GET /smart-admin-api/swagger-resources/configuration/ui HTTP/1.1" 200 177 (177 ms)
[28/Jan/2022:21:45:01 +0800] - 0:0:0:0:0:0:0:1 "GET /smart-admin-api/swagger-resources HTTP/1.1" 200 34 (34 ms)
[28/Jan/2022:21:45:01 +0800] - 0:0:0:0:0:0:0:1 "GET /smart-admin-api/v2/api-docs?group=Admin HTTP/1.1" 200 600 (600 ms)
[28/Jan/2022:21:45:02 +0800] - 0:0:0:0:0:0:0:1 "GET /smart-admin-api/swagger-resources/configuration/security HTTP/1.1" 200 11 (11 ms)
[28/Jan/2022:21:45:05 +0800] - 0:0:0:0:0:0:0:1 "GET /smart-admin-api/swagger-ui.html HTTP/1.1" 304 4 (4 ms)
[28/Jan/2022:21:45:05 +0800] - 0:0:0:0:0:0:0:1 "GET /smart-admin-api/webjars/springfox-swagger-ui/css/typography.css HTTP/1.1" 404 9 (9 ms)
[28/Jan/2022:21:45:05 +0800] - 0:0:0:0:0:0:0:1 "GET /smart-admin-api/webjars/springfox-swagger-ui/css/reset.css HTTP/1.1" 304 6 (6 ms)
[28/Jan/2022:21:45:05 +0800] - 0:0:0:0:0:0:0:1 "GET /smart-admin-api/webjars/springfox-swagger-ui/css/screen.css HTTP/1.1" 304 17 (17 ms)
[28/Jan/2022:21:45:05 +0800] - 0:0:0:0:0:0:0:1 "GET /smart-admin-api/webjars/springfox-swagger-ui/lib/object-assign-pollyfill.js HTTP/1.1" 304 18 (18 ms)
[28/Jan/2022:21:45:05 +0800] - 0:0:0:0:0:0:0:1 "GET /smart-admin-api/webjars/springfox-swagger-ui/lib/jquery-1.8.0.min.js HTTP/1.1" 304 16 (16 ms)
[28/Jan/2022:21:45:05 +0800] - 0:0:0:0:0:0:0:1 "GET /smart-admin-api/webjars/springfox-swagger-ui/lib/jquery.wiggle.min.js HTTP/1.1" 304 8 (8 ms)
[28/Jan/2022:21:45:05 +0800] - 0:0:0:0:0:0:0:1 "GET /smart-admin-api/webjars/springfox-swagger-ui/lib/jquery.slideto.min.js HTTP/1.1" 304 10 (10 ms)
[28/Jan/2022:21:45:05 +0800] - 0:0:0:0:0:0:0:1 "GET /smart-admin-api/webjars/springfox-swagger-ui/lib/jquery.ba-bbq.min.js HTTP/1.1" 304 12 (12 ms)
[28/Jan/2022:21:45:05 +0800] - 0:0:0:0:0:0:0:1 "GET /smart-admin-api/webjars/springfox-swagger-ui/lib/lodash.min.js HTTP/1.1" 304 7 (7 ms)
[28/Jan/2022:21:45:05 +0800] - 0:0:0:0:0:0:0:1 "GET /smart-admin-api/webjars/springfox-swagger-ui/swagger-ui.min.js HTTP/1.1" 304 8 (8 ms)
[28/Jan/2022:21:45:05 +0800] - 0:0:0:0:0:0:0:1 "GET /smart-admin-api/webjars/springfox-swagger-ui/lib/backbone-min.js HTTP/1.1" 304 10 (10 ms)
[28/Jan/2022:21:45:05 +0800] - 0:0:0:0:0:0:0:1 "GET /smart-admin-api/webjars/springfox-swagger-ui/lib/handlebars-4.0.5.js HTTP/1.1" 304 17 (17 ms)
[28/Jan/2022:21:45:05 +0800] - 0:0:0:0:0:0:0:1 "GET /smart-admin-api/webjars/springfox-swagger-ui/lib/highlight.9.1.0.pack.js HTTP/1.1" 304 6 (6 ms)
[28/Jan/2022:21:45:05 +0800] - 0:0:0:0:0:0:0:1 "GET /smart-admin-api/webjars/springfox-swagger-ui/lib/highlight.9.1.0.pack_extended.js HTTP/1.1" 304 7 (7 ms)
[28/Jan/2022:21:45:05 +0800] - 0:0:0:0:0:0:0:1 "GET /smart-admin-api/webjars/springfox-swagger-ui/lib/jsoneditor.min.js HTTP/1.1" 304 8 (8 ms)
[28/Jan/2022:21:45:05 +0800] - 0:0:0:0:0:0:0:1 "GET /smart-admin-api/webjars/springfox-swagger-ui/lib/marked.js HTTP/1.1" 304 8 (8 ms)
[28/Jan/2022:21:45:05 +0800] - 0:0:0:0:0:0:0:1 "GET /smart-admin-api/webjars/springfox-swagger-ui/springfox.js HTTP/1.1" 304 7 (7 ms)
[28/Jan/2022:21:45:05 +0800] - 0:0:0:0:0:0:0:1 "GET /smart-admin-api/webjars/springfox-swagger-ui/lib/swagger-oauth.js HTTP/1.1" 304 12 (12 ms)
[28/Jan/2022:21:45:05 +0800] - 0:0:0:0:0:0:0:1 "GET /smart-admin-api/webjars/springfox-swagger-ui/css/print.css HTTP/1.1" 304 5 (5 ms)
[28/Jan/2022:21:45:05 +0800] - 0:0:0:0:0:0:0:1 "GET /smart-admin-api/webjars/springfox-swagger-ui/images/logo_small.png HTTP/1.1" 304 6 (6 ms)
[28/Jan/2022:21:45:05 +0800] - 0:0:0:0:0:0:0:1 "GET /smart-admin-api/swagger-resources/configuration/ui HTTP/1.1" 200 9 (9 ms)
[28/Jan/2022:21:45:05 +0800] - 0:0:0:0:0:0:0:1 "GET /smart-admin-api/webjars/springfox-swagger-ui/images/favicon-32x32.png HTTP/1.1" 200 7 (7 ms)
[28/Jan/2022:21:45:05 +0800] - 0:0:0:0:0:0:0:1 "GET /smart-admin-api/swagger-resources HTTP/1.1" 200 7 (7 ms)
[28/Jan/2022:21:45:05 +0800] - 0:0:0:0:0:0:0:1 "GET /smart-admin-api/v2/api-docs?group=Admin HTTP/1.1" 200 50 (50 ms)
[28/Jan/2022:21:45:06 +0800] - 0:0:0:0:0:0:0:1 "GET /smart-admin-api/swagger-resources/configuration/security HTTP/1.1" 200 3 (3 ms)
[28/Jan/2022:21:45:52 +0800] - 127.0.0.1 "POST /erpSuppliers/page/query HTTP/1.1" 404 1 (1 ms)
[28/Jan/2022:21:48:25 +0800] - 0:0:0:0:0:0:0:1 "GET /smart-admin-api/swagger-ui.html HTTP/1.1" 304 95 (95 ms)
[28/Jan/2022:21:48:25 +0800] - 0:0:0:0:0:0:0:1 "GET /smart-admin-api/webjars/springfox-swagger-ui/lib/object-assign-pollyfill.js HTTP/1.1" 304 19 (19 ms)
[28/Jan/2022:21:48:25 +0800] - 0:0:0:0:0:0:0:1 "GET /smart-admin-api/webjars/springfox-swagger-ui/lib/jquery-1.8.0.min.js HTTP/1.1" 304 17 (17 ms)
[28/Jan/2022:21:48:25 +0800] - 0:0:0:0:0:0:0:1 "GET /smart-admin-api/webjars/springfox-swagger-ui/css/screen.css HTTP/1.1" 304 21 (21 ms)
[28/Jan/2022:21:48:25 +0800] - 0:0:0:0:0:0:0:1 "GET /smart-admin-api/webjars/springfox-swagger-ui/css/reset.css HTTP/1.1" 304 25 (25 ms)
[28/Jan/2022:21:48:25 +0800] - 0:0:0:0:0:0:0:1 "GET /smart-admin-api/webjars/springfox-swagger-ui/lib/jquery.slideto.min.js HTTP/1.1" 304 21 (21 ms)
[28/Jan/2022:21:48:25 +0800] - 0:0:0:0:0:0:0:1 "GET /smart-admin-api/webjars/springfox-swagger-ui/lib/jquery.wiggle.min.js HTTP/1.1" 304 27 (27 ms)
[28/Jan/2022:21:48:25 +0800] - 0:0:0:0:0:0:0:1 "GET /smart-admin-api/webjars/springfox-swagger-ui/lib/backbone-min.js HTTP/1.1" 304 22 (22 ms)
[28/Jan/2022:21:48:25 +0800] - 0:0:0:0:0:0:0:1 "GET /smart-admin-api/webjars/springfox-swagger-ui/lib/handlebars-4.0.5.js HTTP/1.1" 304 27 (27 ms)
[28/Jan/2022:21:48:25 +0800] - 0:0:0:0:0:0:0:1 "GET /smart-admin-api/webjars/springfox-swagger-ui/lib/lodash.min.js HTTP/1.1" 304 28 (28 ms)
[28/Jan/2022:21:48:25 +0800] - 0:0:0:0:0:0:0:1 "GET /smart-admin-api/webjars/springfox-swagger-ui/lib/jquery.ba-bbq.min.js HTTP/1.1" 304 29 (29 ms)
[28/Jan/2022:21:48:25 +0800] - 0:0:0:0:0:0:0:1 "GET /smart-admin-api/webjars/springfox-swagger-ui/swagger-ui.min.js HTTP/1.1" 304 21 (21 ms)
[28/Jan/2022:21:48:25 +0800] - 0:0:0:0:0:0:0:1 "GET /smart-admin-api/webjars/springfox-swagger-ui/lib/highlight.9.1.0.pack_extended.js HTTP/1.1" 304 24 (24 ms)
[28/Jan/2022:21:48:25 +0800] - 0:0:0:0:0:0:0:1 "GET /smart-admin-api/webjars/springfox-swagger-ui/css/typography.css HTTP/1.1" 404 93 (93 ms)
[28/Jan/2022:21:48:25 +0800] - 0:0:0:0:0:0:0:1 "GET /smart-admin-api/webjars/springfox-swagger-ui/lib/marked.js HTTP/1.1" 304 26 (26 ms)
[28/Jan/2022:21:48:25 +0800] - 0:0:0:0:0:0:0:1 "GET /smart-admin-api/webjars/springfox-swagger-ui/lib/jsoneditor.min.js HTTP/1.1" 304 29 (29 ms)
[28/Jan/2022:21:48:25 +0800] - 0:0:0:0:0:0:0:1 "GET /smart-admin-api/webjars/springfox-swagger-ui/lib/highlight.9.1.0.pack.js HTTP/1.1" 304 33 (33 ms)
[28/Jan/2022:21:48:25 +0800] - 0:0:0:0:0:0:0:1 "GET /smart-admin-api/webjars/springfox-swagger-ui/lib/swagger-oauth.js HTTP/1.1" 304 18 (18 ms)
[28/Jan/2022:21:48:25 +0800] - 0:0:0:0:0:0:0:1 "GET /smart-admin-api/webjars/springfox-swagger-ui/springfox.js HTTP/1.1" 304 22 (22 ms)
[28/Jan/2022:21:48:25 +0800] - 0:0:0:0:0:0:0:1 "GET /smart-admin-api/webjars/springfox-swagger-ui/css/print.css HTTP/1.1" 304 7 (7 ms)
[28/Jan/2022:21:48:25 +0800] - 0:0:0:0:0:0:0:1 "GET /smart-admin-api/webjars/springfox-swagger-ui/images/logo_small.png HTTP/1.1" 304 7 (7 ms)
[28/Jan/2022:21:48:25 +0800] - 0:0:0:0:0:0:0:1 "GET /smart-admin-api/swagger-resources/configuration/ui HTTP/1.1" 200 53 (53 ms)
[28/Jan/2022:21:48:25 +0800] - 0:0:0:0:0:0:0:1 "GET /smart-admin-api/swagger-resources HTTP/1.1" 200 14 (14 ms)
[28/Jan/2022:21:48:25 +0800] - 0:0:0:0:0:0:0:1 "GET /smart-admin-api/v2/api-docs?group=Admin HTTP/1.1" 200 286 (286 ms)
[28/Jan/2022:21:48:26 +0800] - 0:0:0:0:0:0:0:1 "GET /smart-admin-api/swagger-resources/configuration/security HTTP/1.1" 200 6 (6 ms)
[28/Jan/2022:21:49:27 +0800] - 0:0:0:0:0:0:0:1 "GET /smart-admin-api/swagger-ui.html HTTP/1.1" 304 84 (84 ms)
[28/Jan/2022:21:49:27 +0800] - 0:0:0:0:0:0:0:1 "GET /smart-admin-api/webjars/springfox-swagger-ui/css/reset.css HTTP/1.1" 304 15 (15 ms)
[28/Jan/2022:21:49:27 +0800] - 0:0:0:0:0:0:0:1 "GET /smart-admin-api/webjars/springfox-swagger-ui/css/screen.css HTTP/1.1" 304 12 (12 ms)
[28/Jan/2022:21:49:27 +0800] - 0:0:0:0:0:0:0:1 "GET /smart-admin-api/webjars/springfox-swagger-ui/lib/object-assign-pollyfill.js HTTP/1.1" 304 14 (14 ms)
[28/Jan/2022:21:49:27 +0800] - 0:0:0:0:0:0:0:1 "GET /smart-admin-api/webjars/springfox-swagger-ui/lib/jquery.slideto.min.js HTTP/1.1" 304 14 (14 ms)
[28/Jan/2022:21:49:27 +0800] - 0:0:0:0:0:0:0:1 "GET /smart-admin-api/webjars/springfox-swagger-ui/lib/jquery-1.8.0.min.js HTTP/1.1" 304 14 (14 ms)
[28/Jan/2022:21:49:27 +0800] - 0:0:0:0:0:0:0:1 "GET /smart-admin-api/webjars/springfox-swagger-ui/lib/jquery.wiggle.min.js HTTP/1.1" 304 12 (12 ms)
[28/Jan/2022:21:49:27 +0800] - 0:0:0:0:0:0:0:1 "GET /smart-admin-api/webjars/springfox-swagger-ui/lib/jquery.ba-bbq.min.js HTTP/1.1" 304 11 (11 ms)
[28/Jan/2022:21:49:27 +0800] - 0:0:0:0:0:0:0:1 "GET /smart-admin-api/webjars/springfox-swagger-ui/lib/handlebars-4.0.5.js HTTP/1.1" 304 15 (15 ms)
[28/Jan/2022:21:49:27 +0800] - 0:0:0:0:0:0:0:1 "GET /smart-admin-api/webjars/springfox-swagger-ui/lib/backbone-min.js HTTP/1.1" 304 13 (13 ms)
[28/Jan/2022:21:49:27 +0800] - 0:0:0:0:0:0:0:1 "GET /smart-admin-api/webjars/springfox-swagger-ui/lib/lodash.min.js HTTP/1.1" 304 15 (15 ms)
[28/Jan/2022:21:49:27 +0800] - 0:0:0:0:0:0:0:1 "GET /smart-admin-api/webjars/springfox-swagger-ui/css/typography.css HTTP/1.1" 404 45 (45 ms)
[28/Jan/2022:21:49:27 +0800] - 0:0:0:0:0:0:0:1 "GET /smart-admin-api/webjars/springfox-swagger-ui/lib/highlight.9.1.0.pack.js HTTP/1.1" 304 15 (15 ms)
[28/Jan/2022:21:49:27 +0800] - 0:0:0:0:0:0:0:1 "GET /smart-admin-api/webjars/springfox-swagger-ui/swagger-ui.min.js HTTP/1.1" 304 17 (17 ms)
[28/Jan/2022:21:49:27 +0800] - 0:0:0:0:0:0:0:1 "GET /smart-admin-api/webjars/springfox-swagger-ui/lib/highlight.9.1.0.pack_extended.js HTTP/1.1" 304 10 (10 ms)
[28/Jan/2022:21:49:27 +0800] - 0:0:0:0:0:0:0:1 "GET /smart-admin-api/webjars/springfox-swagger-ui/lib/jsoneditor.min.js HTTP/1.1" 304 10 (10 ms)
[28/Jan/2022:21:49:27 +0800] - 0:0:0:0:0:0:0:1 "GET /smart-admin-api/webjars/springfox-swagger-ui/lib/marked.js HTTP/1.1" 304 10 (10 ms)
[28/Jan/2022:21:49:27 +0800] - 0:0:0:0:0:0:0:1 "GET /smart-admin-api/webjars/springfox-swagger-ui/lib/swagger-oauth.js HTTP/1.1" 304 10 (10 ms)
[28/Jan/2022:21:49:27 +0800] - 0:0:0:0:0:0:0:1 "GET /smart-admin-api/webjars/springfox-swagger-ui/springfox.js HTTP/1.1" 304 7 (7 ms)
[28/Jan/2022:21:49:27 +0800] - 0:0:0:0:0:0:0:1 "GET /smart-admin-api/webjars/springfox-swagger-ui/images/logo_small.png HTTP/1.1" 304 5 (5 ms)
[28/Jan/2022:21:49:27 +0800] - 0:0:0:0:0:0:0:1 "GET /smart-admin-api/webjars/springfox-swagger-ui/css/print.css HTTP/1.1" 304 5 (5 ms)
[28/Jan/2022:21:49:27 +0800] - 0:0:0:0:0:0:0:1 "GET /smart-admin-api/swagger-resources/configuration/ui HTTP/1.1" 200 50 (50 ms)
[28/Jan/2022:21:49:27 +0800] - 0:0:0:0:0:0:0:1 "GET /smart-admin-api/webjars/springfox-swagger-ui/images/favicon-32x32.png HTTP/1.1" 200 48 (48 ms)
[28/Jan/2022:21:49:27 +0800] - 0:0:0:0:0:0:0:1 "GET /smart-admin-api/swagger-resources HTTP/1.1" 200 67 (67 ms)
[28/Jan/2022:21:49:27 +0800] - 0:0:0:0:0:0:0:1 "GET /smart-admin-api/v2/api-docs?group=Admin HTTP/1.1" 200 290 (290 ms)
[28/Jan/2022:21:49:28 +0800] - 0:0:0:0:0:0:0:1 "GET /smart-admin-api/swagger-resources/configuration/security HTTP/1.1" 200 8 (8 ms)
[28/Jan/2022:22:02:03 +0800] - 0:0:0:0:0:0:0:1 "GET /smart-admin-api/swagger-ui.html HTTP/1.1" 304 114 (114 ms)
[28/Jan/2022:22:02:03 +0800] - 0:0:0:0:0:0:0:1 "GET /smart-admin-api/webjars/springfox-swagger-ui/css/reset.css HTTP/1.1" 304 23 (23 ms)
[28/Jan/2022:22:02:03 +0800] - 0:0:0:0:0:0:0:1 "GET /smart-admin-api/webjars/springfox-swagger-ui/css/screen.css HTTP/1.1" 304 19 (19 ms)
[28/Jan/2022:22:02:03 +0800] - 0:0:0:0:0:0:0:1 "GET /smart-admin-api/webjars/springfox-swagger-ui/lib/jquery-1.8.0.min.js HTTP/1.1" 304 18 (18 ms)
[28/Jan/2022:22:02:03 +0800] - 0:0:0:0:0:0:0:1 "GET /smart-admin-api/webjars/springfox-swagger-ui/lib/object-assign-pollyfill.js HTTP/1.1" 304 20 (20 ms)
[28/Jan/2022:22:02:03 +0800] - 0:0:0:0:0:0:0:1 "GET /smart-admin-api/webjars/springfox-swagger-ui/lib/jquery.slideto.min.js HTTP/1.1" 304 22 (22 ms)
[28/Jan/2022:22:02:03 +0800] - 0:0:0:0:0:0:0:1 "GET /smart-admin-api/webjars/springfox-swagger-ui/lib/backbone-min.js HTTP/1.1" 304 14 (14 ms)
[28/Jan/2022:22:02:03 +0800] - 0:0:0:0:0:0:0:1 "GET /smart-admin-api/webjars/springfox-swagger-ui/lib/jquery.ba-bbq.min.js HTTP/1.1" 304 21 (21 ms)
[28/Jan/2022:22:02:03 +0800] - 0:0:0:0:0:0:0:1 "GET /smart-admin-api/webjars/springfox-swagger-ui/lib/handlebars-4.0.5.js HTTP/1.1" 304 21 (21 ms)
[28/Jan/2022:22:02:03 +0800] - 0:0:0:0:0:0:0:1 "GET /smart-admin-api/webjars/springfox-swagger-ui/lib/lodash.min.js HTTP/1.1" 304 20 (20 ms)
[28/Jan/2022:22:02:03 +0800] - 0:0:0:0:0:0:0:1 "GET /smart-admin-api/webjars/springfox-swagger-ui/lib/jquery.wiggle.min.js HTTP/1.1" 304 38 (38 ms)
[28/Jan/2022:22:02:03 +0800] - 0:0:0:0:0:0:0:1 "GET /smart-admin-api/webjars/springfox-swagger-ui/swagger-ui.min.js HTTP/1.1" 304 18 (18 ms)
[28/Jan/2022:22:02:03 +0800] - 0:0:0:0:0:0:0:1 "GET /smart-admin-api/webjars/springfox-swagger-ui/lib/highlight.9.1.0.pack_extended.js HTTP/1.1" 304 21 (21 ms)
[28/Jan/2022:22:02:03 +0800] - 0:0:0:0:0:0:0:1 "GET /smart-admin-api/webjars/springfox-swagger-ui/lib/highlight.9.1.0.pack.js HTTP/1.1" 304 27 (27 ms)
[28/Jan/2022:22:02:03 +0800] - 0:0:0:0:0:0:0:1 "GET /smart-admin-api/webjars/springfox-swagger-ui/css/typography.css HTTP/1.1" 404 85 (85 ms)
[28/Jan/2022:22:02:03 +0800] - 0:0:0:0:0:0:0:1 "GET /smart-admin-api/webjars/springfox-swagger-ui/lib/marked.js HTTP/1.1" 304 30 (30 ms)
[28/Jan/2022:22:02:03 +0800] - 0:0:0:0:0:0:0:1 "GET /smart-admin-api/webjars/springfox-swagger-ui/lib/swagger-oauth.js HTTP/1.1" 304 20 (20 ms)
[28/Jan/2022:22:02:03 +0800] - 0:0:0:0:0:0:0:1 "GET /smart-admin-api/webjars/springfox-swagger-ui/springfox.js HTTP/1.1" 304 15 (15 ms)
[28/Jan/2022:22:02:03 +0800] - 0:0:0:0:0:0:0:1 "GET /smart-admin-api/webjars/springfox-swagger-ui/lib/jsoneditor.min.js HTTP/1.1" 304 46 (46 ms)
[28/Jan/2022:22:02:04 +0800] - 0:0:0:0:0:0:0:1 "GET /smart-admin-api/webjars/springfox-swagger-ui/css/print.css HTTP/1.1" 304 5 (5 ms)
[28/Jan/2022:22:02:04 +0800] - 0:0:0:0:0:0:0:1 "GET /smart-admin-api/webjars/springfox-swagger-ui/images/logo_small.png HTTP/1.1" 304 5 (5 ms)
[28/Jan/2022:22:02:04 +0800] - 0:0:0:0:0:0:0:1 "GET /smart-admin-api/swagger-resources/configuration/ui HTTP/1.1" 200 53 (53 ms)
[28/Jan/2022:22:02:04 +0800] - 0:0:0:0:0:0:0:1 "GET /smart-admin-api/swagger-resources HTTP/1.1" 200 20 (20 ms)
[28/Jan/2022:22:02:04 +0800] - 0:0:0:0:0:0:0:1 "GET /smart-admin-api/v2/api-docs?group=Admin HTTP/1.1" 200 323 (323 ms)
[28/Jan/2022:22:02:05 +0800] - 0:0:0:0:0:0:0:1 "GET /smart-admin-api/swagger-resources/configuration/security HTTP/1.1" 200 8 (8 ms)
[28/Jan/2022:22:03:42 +0800] - 0:0:0:0:0:0:0:1 "GET /smart-admin-api/swagger-ui.html HTTP/1.1" 304 83 (83 ms)
[28/Jan/2022:22:03:42 +0800] - 0:0:0:0:0:0:0:1 "GET /smart-admin-api/webjars/springfox-swagger-ui/css/reset.css HTTP/1.1" 304 17 (17 ms)
[28/Jan/2022:22:03:42 +0800] - 0:0:0:0:0:0:0:1 "GET /smart-admin-api/webjars/springfox-swagger-ui/css/screen.css HTTP/1.1" 304 14 (14 ms)
[28/Jan/2022:22:03:42 +0800] - 0:0:0:0:0:0:0:1 "GET /smart-admin-api/webjars/springfox-swagger-ui/lib/object-assign-pollyfill.js HTTP/1.1" 304 13 (13 ms)
[28/Jan/2022:22:03:42 +0800] - 0:0:0:0:0:0:0:1 "GET /smart-admin-api/webjars/springfox-swagger-ui/lib/jquery-1.8.0.min.js HTTP/1.1" 304 13 (13 ms)
[28/Jan/2022:22:03:42 +0800] - 0:0:0:0:0:0:0:1 "GET /smart-admin-api/webjars/springfox-swagger-ui/lib/jquery.slideto.min.js HTTP/1.1" 304 14 (14 ms)
[28/Jan/2022:22:03:42 +0800] - 0:0:0:0:0:0:0:1 "GET /smart-admin-api/webjars/springfox-swagger-ui/lib/jquery.ba-bbq.min.js HTTP/1.1" 304 11 (11 ms)
[28/Jan/2022:22:03:42 +0800] - 0:0:0:0:0:0:0:1 "GET /smart-admin-api/webjars/springfox-swagger-ui/lib/jquery.wiggle.min.js HTTP/1.1" 304 12 (12 ms)
[28/Jan/2022:22:03:42 +0800] - 0:0:0:0:0:0:0:1 "GET /smart-admin-api/webjars/springfox-swagger-ui/lib/handlebars-4.0.5.js HTTP/1.1" 304 12 (12 ms)
[28/Jan/2022:22:03:42 +0800] - 0:0:0:0:0:0:0:1 "GET /smart-admin-api/webjars/springfox-swagger-ui/lib/lodash.min.js HTTP/1.1" 304 10 (10 ms)
[28/Jan/2022:22:03:42 +0800] - 0:0:0:0:0:0:0:1 "GET /smart-admin-api/webjars/springfox-swagger-ui/lib/backbone-min.js HTTP/1.1" 304 12 (12 ms)
[28/Jan/2022:22:03:42 +0800] - 0:0:0:0:0:0:0:1 "GET /smart-admin-api/webjars/springfox-swagger-ui/css/typography.css HTTP/1.1" 404 46 (46 ms)
[28/Jan/2022:22:03:42 +0800] - 0:0:0:0:0:0:0:1 "GET /smart-admin-api/webjars/springfox-swagger-ui/lib/highlight.9.1.0.pack.js HTTP/1.1" 304 11 (11 ms)
[28/Jan/2022:22:03:42 +0800] - 0:0:0:0:0:0:0:1 "GET /smart-admin-api/webjars/springfox-swagger-ui/swagger-ui.min.js HTTP/1.1" 304 11 (11 ms)
[28/Jan/2022:22:03:42 +0800] - 0:0:0:0:0:0:0:1 "GET /smart-admin-api/webjars/springfox-swagger-ui/lib/highlight.9.1.0.pack_extended.js HTTP/1.1" 304 11 (11 ms)
[28/Jan/2022:22:03:42 +0800] - 0:0:0:0:0:0:0:1 "GET /smart-admin-api/webjars/springfox-swagger-ui/lib/jsoneditor.min.js HTTP/1.1" 304 10 (10 ms)
[28/Jan/2022:22:03:42 +0800] - 0:0:0:0:0:0:0:1 "GET /smart-admin-api/webjars/springfox-swagger-ui/lib/marked.js HTTP/1.1" 304 12 (12 ms)
[28/Jan/2022:22:03:42 +0800] - 0:0:0:0:0:0:0:1 "GET /smart-admin-api/webjars/springfox-swagger-ui/lib/swagger-oauth.js HTTP/1.1" 304 9 (9 ms)
[28/Jan/2022:22:03:42 +0800] - 0:0:0:0:0:0:0:1 "GET /smart-admin-api/webjars/springfox-swagger-ui/springfox.js HTTP/1.1" 304 9 (9 ms)
[28/Jan/2022:22:03:42 +0800] - 0:0:0:0:0:0:0:1 "GET /smart-admin-api/webjars/springfox-swagger-ui/images/logo_small.png HTTP/1.1" 304 6 (6 ms)
[28/Jan/2022:22:03:42 +0800] - 0:0:0:0:0:0:0:1 "GET /smart-admin-api/webjars/springfox-swagger-ui/css/print.css HTTP/1.1" 304 8 (8 ms)
[28/Jan/2022:22:03:42 +0800] - 0:0:0:0:0:0:0:1 "GET /smart-admin-api/swagger-resources/configuration/ui HTTP/1.1" 200 56 (56 ms)
[28/Jan/2022:22:03:42 +0800] - 0:0:0:0:0:0:0:1 "GET /smart-admin-api/webjars/springfox-swagger-ui/images/favicon-32x32.png HTTP/1.1" 200 8 (8 ms)
[28/Jan/2022:22:03:42 +0800] - 0:0:0:0:0:0:0:1 "GET /smart-admin-api/swagger-resources HTTP/1.1" 200 15 (15 ms)
[28/Jan/2022:22:03:42 +0800] - 0:0:0:0:0:0:0:1 "GET /smart-admin-api/v2/api-docs?group=Admin HTTP/1.1" 200 325 (325 ms)
[28/Jan/2022:22:03:43 +0800] - 0:0:0:0:0:0:0:1 "GET /smart-admin-api/swagger-resources/configuration/security HTTP/1.1" 200 7 (7 ms)
[28/Jan/2022:22:06:22 +0800] - 0:0:0:0:0:0:0:1 "GET /smart-admin-api/swagger-ui.html HTTP/1.1" 304 113 (113 ms)
[28/Jan/2022:22:06:23 +0800] - 0:0:0:0:0:0:0:1 "GET /smart-admin-api/webjars/springfox-swagger-ui/css/reset.css HTTP/1.1" 304 21 (21 ms)
[28/Jan/2022:22:06:23 +0800] - 0:0:0:0:0:0:0:1 "GET /smart-admin-api/webjars/springfox-swagger-ui/lib/jquery.slideto.min.js HTTP/1.1" 304 15 (15 ms)
[28/Jan/2022:22:06:23 +0800] - 0:0:0:0:0:0:0:1 "GET /smart-admin-api/webjars/springfox-swagger-ui/lib/jquery-1.8.0.min.js HTTP/1.1" 304 15 (15 ms)
[28/Jan/2022:22:06:23 +0800] - 0:0:0:0:0:0:0:1 "GET /smart-admin-api/webjars/springfox-swagger-ui/css/screen.css HTTP/1.1" 304 28 (28 ms)
[28/Jan/2022:22:06:23 +0800] - 0:0:0:0:0:0:0:1 "GET /smart-admin-api/webjars/springfox-swagger-ui/lib/object-assign-pollyfill.js HTTP/1.1" 304 21 (21 ms)
[28/Jan/2022:22:06:23 +0800] - 0:0:0:0:0:0:0:1 "GET /smart-admin-api/webjars/springfox-swagger-ui/lib/jquery.wiggle.min.js HTTP/1.1" 304 13 (13 ms)
[28/Jan/2022:22:06:23 +0800] - 0:0:0:0:0:0:0:1 "GET /smart-admin-api/webjars/springfox-swagger-ui/lib/jquery.ba-bbq.min.js HTTP/1.1" 304 12 (12 ms)
[28/Jan/2022:22:06:23 +0800] - 0:0:0:0:0:0:0:1 "GET /smart-admin-api/webjars/springfox-swagger-ui/lib/lodash.min.js HTTP/1.1" 304 12 (12 ms)
[28/Jan/2022:22:06:23 +0800] - 0:0:0:0:0:0:0:1 "GET /smart-admin-api/webjars/springfox-swagger-ui/lib/handlebars-4.0.5.js HTTP/1.1" 304 17 (17 ms)
[28/Jan/2022:22:06:23 +0800] - 0:0:0:0:0:0:0:1 "GET /smart-admin-api/webjars/springfox-swagger-ui/lib/backbone-min.js HTTP/1.1" 304 18 (18 ms)
[28/Jan/2022:22:06:23 +0800] - 0:0:0:0:0:0:0:1 "GET /smart-admin-api/webjars/springfox-swagger-ui/css/typography.css HTTP/1.1" 404 67 (67 ms)
[28/Jan/2022:22:06:23 +0800] - 0:0:0:0:0:0:0:1 "GET /smart-admin-api/webjars/springfox-swagger-ui/swagger-ui.min.js HTTP/1.1" 304 15 (15 ms)
[28/Jan/2022:22:06:23 +0800] - 0:0:0:0:0:0:0:1 "GET /smart-admin-api/webjars/springfox-swagger-ui/lib/highlight.9.1.0.pack_extended.js HTTP/1.1" 304 13 (13 ms)
[28/Jan/2022:22:06:23 +0800] - 0:0:0:0:0:0:0:1 "GET /smart-admin-api/webjars/springfox-swagger-ui/lib/highlight.9.1.0.pack.js HTTP/1.1" 304 22 (22 ms)
[28/Jan/2022:22:06:23 +0800] - 0:0:0:0:0:0:0:1 "GET /smart-admin-api/webjars/springfox-swagger-ui/lib/jsoneditor.min.js HTTP/1.1" 304 22 (22 ms)
[28/Jan/2022:22:06:23 +0800] - 0:0:0:0:0:0:0:1 "GET /smart-admin-api/webjars/springfox-swagger-ui/lib/marked.js HTTP/1.1" 304 23 (23 ms)
[28/Jan/2022:22:06:23 +0800] - 0:0:0:0:0:0:0:1 "GET /smart-admin-api/webjars/springfox-swagger-ui/springfox.js HTTP/1.1" 304 28 (28 ms)
[28/Jan/2022:22:06:23 +0800] - 0:0:0:0:0:0:0:1 "GET /smart-admin-api/webjars/springfox-swagger-ui/lib/swagger-oauth.js HTTP/1.1" 304 29 (29 ms)
[28/Jan/2022:22:06:23 +0800] - 0:0:0:0:0:0:0:1 "GET /smart-admin-api/webjars/springfox-swagger-ui/images/logo_small.png HTTP/1.1" 304 7 (7 ms)
[28/Jan/2022:22:06:23 +0800] - 0:0:0:0:0:0:0:1 "GET /smart-admin-api/webjars/springfox-swagger-ui/css/print.css HTTP/1.1" 304 6 (6 ms)
[28/Jan/2022:22:06:23 +0800] - 0:0:0:0:0:0:0:1 "GET /smart-admin-api/swagger-resources/configuration/ui HTTP/1.1" 200 87 (87 ms)
[28/Jan/2022:22:06:23 +0800] - 0:0:0:0:0:0:0:1 "GET /smart-admin-api/webjars/springfox-swagger-ui/images/favicon-32x32.png HTTP/1.1" 200 11 (11 ms)
[28/Jan/2022:22:06:23 +0800] - 0:0:0:0:0:0:0:1 "GET /smart-admin-api/swagger-resources HTTP/1.1" 200 25 (25 ms)
[28/Jan/2022:22:06:23 +0800] - 0:0:0:0:0:0:0:1 "GET /smart-admin-api/v2/api-docs?group=Admin HTTP/1.1" 200 325 (325 ms)
[28/Jan/2022:22:06:24 +0800] - 0:0:0:0:0:0:0:1 "GET /smart-admin-api/swagger-resources/configuration/security HTTP/1.1" 200 7 (7 ms)
[28/Jan/2022:22:06:33 +0800] - 0:0:0:0:0:0:0:1 "GET /smart-admin-api/v2/api-docs?group=Group3 HTTP/1.1" 200 5 (5 ms)
[28/Jan/2022:22:06:33 +0800] - 0:0:0:0:0:0:0:1 "GET /smart-admin-api/swagger-resources/configuration/security HTTP/1.1" 200 5 (5 ms)
[28/Jan/2022:22:06:36 +0800] - 0:0:0:0:0:0:0:1 "GET /smart-admin-api/v2/api-docs?group=Group2 HTTP/1.1" 200 7 (7 ms)
[28/Jan/2022:22:06:36 +0800] - 0:0:0:0:0:0:0:1 "GET /smart-admin-api/swagger-resources/configuration/security HTTP/1.1" 200 5 (5 ms)
[28/Jan/2022:22:06:38 +0800] - 0:0:0:0:0:0:0:1 "GET /smart-admin-api/v2/api-docs?group=Admin HTTP/1.1" 200 43 (43 ms)
[28/Jan/2022:22:06:39 +0800] - 0:0:0:0:0:0:0:1 "GET /smart-admin-api/swagger-resources/configuration/security HTTP/1.1" 200 5 (5 ms)
[28/Jan/2022:22:08:51 +0800] - 0:0:0:0:0:0:0:1 "GET /smart-admin-api/swagger-ui.html HTTP/1.1" 304 121 (121 ms)
[28/Jan/2022:22:08:51 +0800] - 0:0:0:0:0:0:0:1 "GET /smart-admin-api/webjars/springfox-swagger-ui/css/screen.css HTTP/1.1" 304 18 (18 ms)
[28/Jan/2022:22:08:51 +0800] - 0:0:0:0:0:0:0:1 "GET /smart-admin-api/webjars/springfox-swagger-ui/lib/jquery.slideto.min.js HTTP/1.1" 304 17 (17 ms)
[28/Jan/2022:22:08:51 +0800] - 0:0:0:0:0:0:0:1 "GET /smart-admin-api/webjars/springfox-swagger-ui/css/reset.css HTTP/1.1" 304 26 (26 ms)
[28/Jan/2022:22:08:51 +0800] - 0:0:0:0:0:0:0:1 "GET /smart-admin-api/webjars/springfox-swagger-ui/lib/object-assign-pollyfill.js HTTP/1.1" 304 24 (24 ms)
[28/Jan/2022:22:08:51 +0800] - 0:0:0:0:0:0:0:1 "GET /smart-admin-api/webjars/springfox-swagger-ui/lib/jquery-1.8.0.min.js HTTP/1.1" 304 29 (29 ms)
[28/Jan/2022:22:08:51 +0800] - 0:0:0:0:0:0:0:1 "GET /smart-admin-api/webjars/springfox-swagger-ui/lib/jquery.wiggle.min.js HTTP/1.1" 304 15 (15 ms)
[28/Jan/2022:22:08:51 +0800] - 0:0:0:0:0:0:0:1 "GET /smart-admin-api/webjars/springfox-swagger-ui/lib/handlebars-4.0.5.js HTTP/1.1" 304 15 (15 ms)
[28/Jan/2022:22:08:51 +0800] - 0:0:0:0:0:0:0:1 "GET /smart-admin-api/webjars/springfox-swagger-ui/css/typography.css HTTP/1.1" 404 54 (54 ms)
[28/Jan/2022:22:08:51 +0800] - 0:0:0:0:0:0:0:1 "GET /smart-admin-api/webjars/springfox-swagger-ui/lib/jquery.ba-bbq.min.js HTTP/1.1" 304 19 (19 ms)
[28/Jan/2022:22:08:51 +0800] - 0:0:0:0:0:0:0:1 "GET /smart-admin-api/webjars/springfox-swagger-ui/lib/lodash.min.js HTTP/1.1" 304 18 (18 ms)
[28/Jan/2022:22:08:51 +0800] - 0:0:0:0:0:0:0:1 "GET /smart-admin-api/webjars/springfox-swagger-ui/lib/backbone-min.js HTTP/1.1" 304 22 (22 ms)
[28/Jan/2022:22:08:51 +0800] - 0:0:0:0:0:0:0:1 "GET /smart-admin-api/webjars/springfox-swagger-ui/swagger-ui.min.js HTTP/1.1" 304 18 (18 ms)
[28/Jan/2022:22:08:51 +0800] - 0:0:0:0:0:0:0:1 "GET /smart-admin-api/webjars/springfox-swagger-ui/lib/highlight.9.1.0.pack.js HTTP/1.1" 304 19 (19 ms)
[28/Jan/2022:22:08:51 +0800] - 0:0:0:0:0:0:0:1 "GET /smart-admin-api/webjars/springfox-swagger-ui/lib/highlight.9.1.0.pack_extended.js HTTP/1.1" 304 31 (31 ms)
[28/Jan/2022:22:08:51 +0800] - 0:0:0:0:0:0:0:1 "GET /smart-admin-api/webjars/springfox-swagger-ui/lib/marked.js HTTP/1.1" 304 15 (15 ms)
[28/Jan/2022:22:08:51 +0800] - 0:0:0:0:0:0:0:1 "GET /smart-admin-api/webjars/springfox-swagger-ui/lib/jsoneditor.min.js HTTP/1.1" 304 26 (26 ms)
[28/Jan/2022:22:08:51 +0800] - 0:0:0:0:0:0:0:1 "GET /smart-admin-api/webjars/springfox-swagger-ui/springfox.js HTTP/1.1" 304 24 (24 ms)
[28/Jan/2022:22:08:51 +0800] - 0:0:0:0:0:0:0:1 "GET /smart-admin-api/webjars/springfox-swagger-ui/lib/swagger-oauth.js HTTP/1.1" 304 29 (29 ms)
[28/Jan/2022:22:08:51 +0800] - 0:0:0:0:0:0:0:1 "GET /smart-admin-api/webjars/springfox-swagger-ui/css/print.css HTTP/1.1" 304 8 (8 ms)
[28/Jan/2022:22:08:51 +0800] - 0:0:0:0:0:0:0:1 "GET /smart-admin-api/webjars/springfox-swagger-ui/images/logo_small.png HTTP/1.1" 304 15 (15 ms)
[28/Jan/2022:22:08:51 +0800] - 0:0:0:0:0:0:0:1 "GET /smart-admin-api/swagger-resources/configuration/ui HTTP/1.1" 200 88 (88 ms)
[28/Jan/2022:22:08:51 +0800] - 0:0:0:0:0:0:0:1 "GET /smart-admin-api/webjars/springfox-swagger-ui/images/favicon-32x32.png HTTP/1.1" 200 19 (19 ms)
[28/Jan/2022:22:08:51 +0800] - 0:0:0:0:0:0:0:1 "GET /smart-admin-api/swagger-resources HTTP/1.1" 200 22 (22 ms)
[28/Jan/2022:22:08:52 +0800] - 0:0:0:0:0:0:0:1 "GET /smart-admin-api/v2/api-docs?group=Admin HTTP/1.1" 200 344 (344 ms)
[28/Jan/2022:22:08:52 +0800] - 0:0:0:0:0:0:0:1 "GET /smart-admin-api/swagger-resources/configuration/security HTTP/1.1" 200 7 (7 ms)
[28/Jan/2022:22:08:54 +0800] - 0:0:0:0:0:0:0:1 "GET /smart-admin-api/v2/api-docs?group=Group2 HTTP/1.1" 200 7 (7 ms)
[28/Jan/2022:22:08:54 +0800] - 0:0:0:0:0:0:0:1 "GET /smart-admin-api/swagger-resources/configuration/security HTTP/1.1" 200 5 (5 ms)
[28/Jan/2022:22:08:59 +0800] - 0:0:0:0:0:0:0:1 "GET /smart-admin-api/webjars/springfox-swagger-ui/images/explorer_icons.png HTTP/1.1" 304 3 (3 ms)
[28/Jan/2022:22:09:58 +0800] - 0:0:0:0:0:0:0:1 "POST /smart-admin-api/erpSuppliers/add HTTP/1.1" 200 5 (5 ms)
[28/Jan/2022:22:09:58 +0800] - 0:0:0:0:0:0:0:1 "GET /smart-admin-api/webjars/springfox-swagger-ui/images/throbber.gif HTTP/1.1" 200 7 (7 ms)
[28/Jan/2022:22:11:07 +0800] - 127.0.0.1 "GET /smart-admin-api/webSocket/1 HTTP/1.1" 101 33 (33 ms)
[28/Jan/2022:22:11:07 +0800] - 127.0.0.1 "OPTIONS /smart-admin-api/session/get HTTP/1.1" 200 8 (8 ms)
[28/Jan/2022:22:11:07 +0800] - 127.0.0.1 "OPTIONS /smart-admin-api/notice/unread/page/query HTTP/1.1" 200 8 (8 ms)
[28/Jan/2022:22:11:07 +0800] - 127.0.0.1 "GET /smart-admin-api/session/get HTTP/1.1" 200 133 (133 ms)
[28/Jan/2022:22:11:07 +0800] - 127.0.0.1 "POST /smart-admin-api/notice/unread/page/query HTTP/1.1" 200 123 (123 ms)
[28/Jan/2022:22:11:13 +0800] - 127.0.0.1 "OPTIONS /smart-admin-api/session/login HTTP/1.1" 200 3 (3 ms)
[28/Jan/2022:22:11:13 +0800] - 127.0.0.1 "POST /smart-admin-api/session/login HTTP/1.1" 200 434 (434 ms)
[28/Jan/2022:22:11:13 +0800] - 127.0.0.1 "GET /smart-admin-api/webSocket/1 HTTP/1.1" 101 3 (3 ms)
[28/Jan/2022:22:11:14 +0800] - 127.0.0.1 "OPTIONS /smart-admin-api/notice/unread/page/query HTTP/1.1" 200 4 (4 ms)
[28/Jan/2022:22:11:14 +0800] - 127.0.0.1 "POST /smart-admin-api/notice/unread/page/query HTTP/1.1" 200 79 (79 ms)
[28/Jan/2022:22:11:28 +0800] - 127.0.0.1 "OPTIONS /smart-admin-api/email/page/query HTTP/1.1" 200 3 (3 ms)
[28/Jan/2022:22:11:28 +0800] - 127.0.0.1 "POST /smart-admin-api/email/page/query HTTP/1.1" 200 120 (120 ms)
[28/Jan/2022:22:11:31 +0800] - 127.0.0.1 "OPTIONS /smart-admin-api/email/page/query HTTP/1.1" 200 4 (4 ms)
[28/Jan/2022:22:11:31 +0800] - 127.0.0.1 "POST /smart-admin-api/email/page/query HTTP/1.1" 200 37 (37 ms)
[28/Jan/2022:22:12:13 +0800] - 0:0:0:0:0:0:0:1 "POST /smart-admin-api/erpSuppliers/add HTTP/1.1" 200 16 (16 ms)
[28/Jan/2022:22:12:30 +0800] - 0:0:0:0:0:0:0:1 "POST /smart-admin-api/erpSuppliers/add HTTP/1.1" 200 47 (47 ms)
[28/Jan/2022:22:15:20 +0800] - 0:0:0:0:0:0:0:1 "POST /smart-admin-api/erpSuppliers/add HTTP/1.1" 200 327 (327 ms)
[28/Jan/2022:22:16:42 +0800] - 0:0:0:0:0:0:0:1 "POST /smart-admin-api/erpSuppliers/page/query HTTP/1.1" 200 95 (95 ms)
[28/Jan/2022:22:50:29 +0800] - 0:0:0:0:0:0:0:1 "POST /smart-admin-api/erpSuppliers/add HTTP/1.1" 200 1865543 (1865543 ms)
[28/Jan/2022:22:57:29 +0800] - 0:0:0:0:0:0:0:1 "POST /smart-admin-api/erpSuppliers/add HTTP/1.1" 200 400 (400 ms)
[28/Jan/2022:22:57:30 +0800] - 0:0:0:0:0:0:0:1 "POST /smart-admin-api/erpSuppliers/add HTTP/1.1" 200 154 (154 ms)
[28/Jan/2022:22:58:10 +0800] - 0:0:0:0:0:0:0:1 "POST /smart-admin-api/erpSuppliers/add HTTP/1.1" 200 19 (19 ms)
[28/Jan/2022:22:58:11 +0800] - 0:0:0:0:0:0:0:1 "POST /smart-admin-api/erpSuppliers/add HTTP/1.1" 200 16 (16 ms)
[28/Jan/2022:22:58:27 +0800] - 0:0:0:0:0:0:0:1 "POST /smart-admin-api/erpSuppliers/add HTTP/1.1" 200 16 (16 ms)
[28/Jan/2022:23:01:05 +0800] - 0:0:0:0:0:0:0:1 "POST /smart-admin-api/erpSuppliers/add HTTP/1.1" 200 400 (400 ms)
[28/Jan/2022:23:14:17 +0800] - 0:0:0:0:0:0:0:1 "POST /smart-admin-api/erpSuppliers/add HTTP/1.1" 200 275 (275 ms)
[28/Jan/2022:23:14:57 +0800] - 0:0:0:0:0:0:0:1 "POST /smart-admin-api/erpSuppliers/add HTTP/1.1" 200 95 (95 ms)
[28/Jan/2022:23:23:45 +0800] - 0:0:0:0:0:0:0:1 "POST /smart-admin-api/erpSuppliers/add HTTP/1.1" 200 255 (255 ms)
